<?xml version="1.0" encoding="UTF-8" ?>
<testsuite tests="4" failures="0" name="com.mycompany.csc325mod14.CSC325Mod14Test" time="0.003" errors="0" skipped="0">
  <properties>
[...]
</properties>
  <testcase classname="com.mycompany.csc325mod14.CSC325Mod14Test" name="com.mycompany.csc325mod14.CSC325Mod14Test.testPrimeSumWithDigit" time="0.003"/>
  <testcase classname="com.mycompany.csc325mod14.CSC325Mod14Test" name="com.mycompany.csc325mod14.CSC325Mod14Test.test10" time="0"/>
  <testcase classname="com.mycompany.csc325mod14.CSC325Mod14Test" name="com.mycompany.csc325mod14.CSC325Mod14Test.test50" time="0"/>
  <testcase classname="com.mycompany.csc325mod14.CSC325Mod14Test" name="com.mycompany.csc325mod14.CSC325Mod14Test.test1" time="0"/>
</testsuite>